2025-02-13 19:25:28 { { "lua/custom/plugins/harpoon.lua" } }
2025-02-13 19:25:37 { { "lua/custom/plugins/harpoon.lua" } }
2025-02-13 19:25:47 { { "lua/custom/plugins/harpoon.lua" }, { "lua/custom/plugins/snacks.lua" }, { "lua/custom/plugins/bufferline.lua" } }
2025-02-13 19:29:05 { { "lua/custom/plugins/harpoon.lua" }, { "lua/custom/plugins/snacks.lua" }, { "lua/custom/plugins/bufferline.lua" } }
2025-02-13 19:32:30 { {
    file = "lua/custom/plugins/harpoon.lua",
    text = "lua/custom/plugins/harpoon.lua"
  }, {
    file = "lua/custom/plugins/snacks.lua",
    text = "lua/custom/plugins/snacks.lua"
  }, {
    file = "lua/custom/plugins/bufferline.lua",
    text = "lua/custom/plugins/bufferline.lua"
  } }
2025-02-13 19:32:41 {}
2025-02-13 19:32:54 {}
2025-02-13 19:32:55 { {
    file = "lua/custom/plugins/harpoon.lua",
    text = "lua/custom/plugins/harpoon.lua"
  }, {
    file = "lua/custom/plugins/snacks.lua",
    text = "lua/custom/plugins/snacks.lua"
  }, {
    file = "lua/custom/plugins/bufferline.lua",
    text = "lua/custom/plugins/bufferline.lua"
  } }
2025-02-13 19:35:24 { {
    file = "lua/custom/plugins/harpoon.lua",
    text = "lua/custom/plugins/harpoon.lua"
  }, {
    file = "lua/custom/plugins/snacks.lua",
    text = "lua/custom/plugins/snacks.lua"
  }, {
    file = "lua/custom/plugins/bufferline.lua",
    text = "lua/custom/plugins/bufferline.lua"
  } }
2025-02-13 19:35:28 { {
    file = "lua/custom/plugins/harpoon.lua",
    text = "lua/custom/plugins/harpoon.lua"
  }, {
    file = "lua/custom/plugins/snacks.lua",
    text = "lua/custom/plugins/snacks.lua"
  }, {
    file = "lua/custom/plugins/bufferline.lua",
    text = "lua/custom/plugins/bufferline.lua"
  } }
2025-02-13 19:35:29 { {
    file = "lua/custom/plugins/harpoon.lua",
    text = "lua/custom/plugins/harpoon.lua"
  }, {
    file = "lua/custom/plugins/snacks.lua",
    text = "lua/custom/plugins/snacks.lua"
  }, {
    file = "lua/custom/plugins/bufferline.lua",
    text = "lua/custom/plugins/bufferline.lua"
  } }
